<?xml version="1.0" encoding="UTF-8"?>
<!-- Generated by org.testng.reporters.JUnitReportReporter -->
<testsuite hostname="DESKTOP-EQGDIG6" failures="0" tests="1" name="testCases.BankManagerLoginTest" time="0.379" errors="0" timestamp="2025-02-08T19:45:59 IST" skipped="0">
  <testcase classname="testCases.BankManagerLoginTest" name="loginAsBankManager" time="0.379">
    <system-out>
      <![CDATA[Login Successfull]]>
    </system-out>
  </testcase> <!-- loginAsBankManager -->
  <system-out>
    <![CDATA[Login Successfull]]>
  </system-out>
</testsuite> <!-- testCases.BankManagerLoginTest -->
