<?xml version="1.0" encoding="UTF-8"?>
<!-- Generated by org.testng.reporters.JUnitReportReporter -->
<testsuite hostname="DESKTOP-EQGDIG6" failures="0" tests="1" name="testCases.OpenAccountTest" time="1.606" errors="0" timestamp="2025-02-09T13:13:16 IST" skipped="0">
  <testcase classname="testCases.OpenAccountTest" name="openAccount" time="1.606"/>
  <system-out>
    <![CDATA[Login Successfull]]>
  </system-out>
</testsuite> <!-- testCases.OpenAccountTest -->
