<?xml version="1.0" encoding="UTF-8"?>
<!-- Generated by org.testng.reporters.JUnitReportReporter -->
<testsuite hostname="DESKTOP-EQGDIG6" failures="0" tests="1" name="testCases.BankManagerLoginTest" time="0.308" errors="0" timestamp="2025-02-01T14:19:07 IST" skipped="0">
  <testcase classname="testCases.BankManagerLoginTest" name="loginAsBankManager" time="0.308"/>
</testsuite> <!-- testCases.BankManagerLoginTest -->
