<?xml version="1.0" encoding="UTF-8"?>
<!-- Generated by org.testng.reporters.JUnitReportReporter -->
<testsuite hostname="DESKTOP-EQGDIG6" failures="0" tests="9" name="testCases.AddCustomerTest" time="10.820" errors="0" timestamp="2025-02-08T19:45:59 IST" skipped="0">
  <testcase classname="testCases.AddCustomerTest" name="addCustomer" time="1.723"/>
  <testcase classname="testCases.AddCustomerTest" name="addCustomer" time="1.145"/>
  <testcase classname="testCases.AddCustomerTest" name="addCustomer" time="1.237"/>
  <testcase classname="testCases.AddCustomerTest" name="addCustomer" time="0.839"/>
  <testcase classname="testCases.AddCustomerTest" name="addCustomer" time="1.318"/>
  <testcase classname="testCases.AddCustomerTest" name="addCustomer" time="1.418"/>
  <testcase classname="testCases.AddCustomerTest" name="addCustomer" time="0.948"/>
  <testcase classname="testCases.AddCustomerTest" name="addCustomer" time="0.865"/>
  <testcase classname="testCases.AddCustomerTest" name="addCustomer" time="1.327"/>
  <system-out>
    <![CDATA[Login Successfull]]>
  </system-out>
</testsuite> <!-- testCases.AddCustomerTest -->
