<?xml version="1.0" encoding="UTF-8"?>
<!-- Generated by org.testng.reporters.JUnitReportReporter -->
<testsuite hostname="DESKTOP-EQGDIG6" failures="0" tests="1" name="testCases.LoginTest" time="0.741" errors="0" timestamp="2025-01-31T20:15:43 IST" skipped="0">
  <testcase classname="testCases.LoginTest" name="loginAsBankManager" time="0.741"/>
</testsuite> <!-- testCases.LoginTest -->
