<?xml version="1.0" encoding="UTF-8"?>
<!-- Generated by org.testng.reporters.JUnitReportReporter -->
<testsuite hostname="DESKTOP-EQGDIG6" failures="0" tests="9" name="testCases.AddCustomerTest" time="10.198" errors="0" timestamp="2025-02-09T13:13:16 IST" skipped="0">
  <testcase classname="testCases.AddCustomerTest" name="addCustomer" time="0.887"/>
  <testcase classname="testCases.AddCustomerTest" name="addCustomer" time="1.241"/>
  <testcase classname="testCases.AddCustomerTest" name="addCustomer" time="0.912"/>
  <testcase classname="testCases.AddCustomerTest" name="addCustomer" time="0.949"/>
  <testcase classname="testCases.AddCustomerTest" name="addCustomer" time="1.460"/>
  <testcase classname="testCases.AddCustomerTest" name="addCustomer" time="0.877"/>
  <testcase classname="testCases.AddCustomerTest" name="addCustomer" time="1.335"/>
  <testcase classname="testCases.AddCustomerTest" name="addCustomer" time="1.505"/>
  <testcase classname="testCases.AddCustomerTest" name="addCustomer" time="1.032"/>
  <system-out>
    <![CDATA[Login Successfull]]>
  </system-out>
</testsuite> <!-- testCases.AddCustomerTest -->
