<?xml version="1.0" encoding="UTF-8"?>
<!-- Generated by org.testng.reporters.JUnitReportReporter -->
<testsuite hostname="DESKTOP-EQGDIG6" failures="0" tests="9" name="testCases.AddCustomerTest" time="52.539" errors="0" timestamp="2025-02-01T14:19:07 IST" skipped="0">
  <testcase classname="testCases.AddCustomerTest" name="addCustomer" time="5.764"/>
  <testcase classname="testCases.AddCustomerTest" name="addCustomer" time="5.735"/>
  <testcase classname="testCases.AddCustomerTest" name="addCustomer" time="5.791"/>
  <testcase classname="testCases.AddCustomerTest" name="addCustomer" time="6.358"/>
  <testcase classname="testCases.AddCustomerTest" name="addCustomer" time="5.703"/>
  <testcase classname="testCases.AddCustomerTest" name="addCustomer" time="5.762"/>
  <testcase classname="testCases.AddCustomerTest" name="addCustomer" time="5.852"/>
  <testcase classname="testCases.AddCustomerTest" name="addCustomer" time="5.698"/>
  <testcase classname="testCases.AddCustomerTest" name="addCustomer" time="5.876"/>
</testsuite> <!-- testCases.AddCustomerTest -->
