<?xml version="1.0" encoding="UTF-8"?>
<!-- Generated by org.testng.reporters.JUnitReportReporter -->
<testsuite hostname="DESKTOP-EQGDIG6" failures="0" tests="9" name="testCases.AddCustomerTest" time="52.659" errors="0" timestamp="2025-02-02T20:12:00 IST" skipped="0">
  <testcase classname="testCases.AddCustomerTest" name="addCustomer" time="5.886"/>
  <testcase classname="testCases.AddCustomerTest" name="addCustomer" time="5.744"/>
  <testcase classname="testCases.AddCustomerTest" name="addCustomer" time="5.873"/>
  <testcase classname="testCases.AddCustomerTest" name="addCustomer" time="5.679"/>
  <testcase classname="testCases.AddCustomerTest" name="addCustomer" time="5.849"/>
  <testcase classname="testCases.AddCustomerTest" name="addCustomer" time="5.692"/>
  <testcase classname="testCases.AddCustomerTest" name="addCustomer" time="6.208"/>
  <testcase classname="testCases.AddCustomerTest" name="addCustomer" time="5.778"/>
  <testcase classname="testCases.AddCustomerTest" name="addCustomer" time="5.950"/>
  <system-out>
    <![CDATA[Login Successfull]]>
  </system-out>
</testsuite> <!-- testCases.AddCustomerTest -->
